<?xml version="1.0" encoding="UTF-8"?>
<!-- Generated by org.testng.reporters.JUnitReportReporter -->
<testsuite name="API_Test" tests="1" time="3.193" ignored="0" failures="0" timestamp="03 Feb 2020 16:38:37 GMT" skipped="0" hostname="DESKTOP-KQJE488" errors="0">
  <testcase name="testCreatePet" time="3.193" classname="API_Test"/>
</testsuite> <!-- API_Test -->
